2019-08-02 13:22:14.503 EEST [1324] LOG:  database system was shut down at 2019-08-02 13:21:09 EEST
2019-08-02 13:22:14.737 EEST [1696] LOG:  database system is ready to accept connections
2019-08-02 13:35:09.353 EEST [3732] FATAL:  database "blogdb" does not exist
2019-08-02 13:35:09.404 EEST [4908] FATAL:  database "blogdb" does not exist
2019-08-02 13:41:51.107 EEST [5944] LOG:  could not receive data from client: An existing connection was forcibly closed by the remote host.
	
2019-08-02 13:42:39.899 EEST [3684] LOG:  could not receive data from client: An existing connection was forcibly closed by the remote host.
	
2019-08-02 13:44:46.373 EEST [6052] LOG:  could not receive data from client: An existing connection was forcibly closed by the remote host.
	
2019-08-02 13:46:46.657 EEST [6324] LOG:  could not receive data from client: An existing connection was forcibly closed by the remote host.
	
2019-08-02 13:47:25.094 EEST [6884] LOG:  could not receive data from client: An existing connection was forcibly closed by the remote host.
	
2019-08-02 14:03:04.993 EEST [4708] LOG:  could not receive data from client: An existing connection was forcibly closed by the remote host.
	
2019-08-02 14:03:04.993 EEST [1788] LOG:  could not receive data from client: An existing connection was forcibly closed by the remote host.
	
2019-08-02 14:03:04.993 EEST [4772] LOG:  could not receive data from client: An existing connection was forcibly closed by the remote host.
	
2019-08-02 14:03:04.993 EEST [5868] LOG:  could not receive data from client: An existing connection was forcibly closed by the remote host.
	
2019-08-02 14:03:04.993 EEST [4820] LOG:  could not receive data from client: An existing connection was forcibly closed by the remote host.
	
2019-08-02 14:03:04.993 EEST [5300] LOG:  could not receive data from client: An existing connection was forcibly closed by the remote host.
	
2019-08-02 14:03:05.009 EEST [2080] LOG:  could not receive data from client: An existing connection was forcibly closed by the remote host.
	
2019-08-02 14:03:21.932 EEST [1696] LOG:  received fast shutdown request
2019-08-02 14:03:21.963 EEST [1696] LOG:  aborting any active transactions
2019-08-02 14:03:22.057 EEST [1688] ERROR:  canceling statement due to user request
2019-08-02 14:03:22.057 EEST [1696] LOG:  worker process: logical replication launcher (PID 1688) exited with exit code 1
2019-08-02 14:03:22.057 EEST [1548] LOG:  shutting down
2019-08-02 14:03:22.182 EEST [1696] LOG:  database system is shut down
